0 info it worked if it ends with ok
1 verbose cli [ '/usr/local/Cellar/node/6.3.1/bin/node',
1 verbose cli   '/usr/local/bin/npm',
1 verbose cli   'start' ]
2 info using npm@3.10.3
3 info using node@v6.3.1
4 verbose run-script [ 'prestart', 'start', 'poststart' ]
5 info lifecycle ionic-hello-world@~prestart: ionic-hello-world@
6 silly lifecycle ionic-hello-world@~prestart: no script for prestart, continuing
7 info lifecycle ionic-hello-world@~start: ionic-hello-world@
8 verbose lifecycle ionic-hello-world@~start: unsafe-perm in lifecycle true
9 verbose lifecycle ionic-hello-world@~start: PATH: /usr/local/lib/node_modules/npm/bin/node-gyp-bin:/Users/vladimirchernyy/MyIonic2Project/node_modules/.bin:/usr/local/Cellar/node/6.3.1/bin:/Users/vladimirchernyy/.rvm/gems/ruby-2.3.3/bin:/Users/vladimirchernyy/.rvm/gems/ruby-2.3.3@global/bin:/Users/vladimirchernyy/.rvm/rubies/ruby-2.3.3/bin:/opt/local/bin:/opt/local/sbin:/Users/vladimirchernyy/torch/install/bin:/Users/vladimirchernyy/anaconda3/bin:/Users/vladimirchernyy/anaconda3/bin:/Library/Frameworks/Python.framework/Versions/2.7/bin:/Library/Frameworks/Python.framework/Versions/3.4/bin:/usr/local/bin:/usr/bin:/bin:/usr/sbin:/sbin:/opt/X11/bin:/opt/ImageMagick/bin:/Users/vladimirchernyy/Library/Android/sdk/tools:/Users/vladimirchernyy/Library/Android/sdk/platform-tools:/Users/vladimirchernyy/.rvm/bin
10 verbose lifecycle ionic-hello-world@~start: CWD: /Users/vladimirchernyy/MyIonic2Project
11 silly lifecycle ionic-hello-world@~start: Args: [ '-c', 'node server.js' ]
12 silly lifecycle ionic-hello-world@~start: Returned: code: 1  signal: null
13 info lifecycle ionic-hello-world@~start: Failed to exec start script
14 verbose stack Error: ionic-hello-world@ start: `node server.js`
14 verbose stack Exit status 1
14 verbose stack     at EventEmitter.<anonymous> (/usr/local/lib/node_modules/npm/lib/utils/lifecycle.js:242:16)
14 verbose stack     at emitTwo (events.js:106:13)
14 verbose stack     at EventEmitter.emit (events.js:191:7)
14 verbose stack     at ChildProcess.<anonymous> (/usr/local/lib/node_modules/npm/lib/utils/spawn.js:40:14)
14 verbose stack     at emitTwo (events.js:106:13)
14 verbose stack     at ChildProcess.emit (events.js:191:7)
14 verbose stack     at maybeClose (internal/child_process.js:852:16)
14 verbose stack     at Process.ChildProcess._handle.onexit (internal/child_process.js:215:5)
15 verbose pkgid ionic-hello-world@
16 verbose cwd /Users/vladimirchernyy/MyIonic2Project
17 error Darwin 15.6.0
18 error argv "/usr/local/Cellar/node/6.3.1/bin/node" "/usr/local/bin/npm" "start"
19 error node v6.3.1
20 error npm  v3.10.3
21 error code ELIFECYCLE
22 error ionic-hello-world@ start: `node server.js`
22 error Exit status 1
23 error Failed at the ionic-hello-world@ start script 'node server.js'.
23 error Make sure you have the latest version of node.js and npm installed.
23 error If you do, this is most likely a problem with the ionic-hello-world package,
23 error not with npm itself.
23 error Tell the author that this fails on your system:
23 error     node server.js
23 error You can get information on how to open an issue for this project with:
23 error     npm bugs ionic-hello-world
23 error Or if that isn't available, you can get their info via:
23 error     npm owner ls ionic-hello-world
23 error There is likely additional logging output above.
24 verbose exit [ 1, true ]
